  capacity.cpp
C:\Users\User\source\repos\capacity\capacity\capacity.cpp(11,13): warning C4244: =: преобразование "__int64" в "int", возможна потеря данных
C:\Users\User\source\repos\capacity\capacity\capacity.cpp(39,13): warning C4018: >: несоответствие типов со знаком и без знака
C:\Users\User\source\repos\capacity\capacity\capacity.cpp(62,9): warning C4244: =: преобразование "__int64" в "int", возможна потеря данных
C:\Users\User\source\repos\capacity\capacity\capacity.cpp(75,9): warning C4244: =: преобразование "__int64" в "int", возможна потеря данных
C:\Users\User\source\repos\capacity\capacity\capacity.cpp(88,9): warning C4244: =: преобразование "__int64" в "int", возможна потеря данных
C:\Users\User\source\repos\capacity\capacity\capacity.cpp(93,26): warning C4244: +=: преобразование "double" в "int", возможна потеря данных
C:\Users\User\source\repos\capacity\capacity\capacity.cpp(101,9): warning C4244: =: преобразование "__int64" в "int", возможна потеря данных
C:\Users\User\source\repos\capacity\capacity\capacity.cpp(106,26): warning C4244: +=: преобразование "double" в "int", возможна потеря данных
C:\Users\User\source\repos\capacity\capacity\capacity.cpp(147,21): warning C4018: <: несоответствие типов со знаком и без знака
C:\Users\User\source\repos\capacity\capacity\capacity.cpp(157,22): warning C4244: инициализация: преобразование "__int64" в "unsigned int", возможна потеря данных
C:\Users\User\source\repos\capacity\capacity\capacity.cpp(160,29): warning C4244: аргумент: преобразование "__int64" в "const int", возможна потеря данных
C:\Users\User\source\repos\capacity\capacity\capacity.cpp(161,29): warning C4244: аргумент: преобразование "__int64" в "const int", возможна потеря данных
C:\Users\User\source\repos\capacity\capacity\capacity.cpp(162,29): warning C4244: аргумент: преобразование "__int64" в "const int", возможна потеря данных
C:\Users\User\source\repos\capacity\capacity\capacity.cpp(165,18): warning C4244: инициализация: преобразование "__int64" в "unsigned int", возможна потеря данных
C:\Users\User\source\repos\capacity\capacity\capacity.cpp(166,18): warning C4244: инициализация: преобразование "__int64" в "unsigned int", возможна потеря данных
C:\Users\User\source\repos\capacity\capacity\capacity.cpp(188,41): warning C4244: +=: преобразование "double" в "float", возможна потеря данных
C:\Users\User\source\repos\capacity\capacity\capacity.cpp(189,41): warning C4244: +=: преобразование "double" в "float", возможна потеря данных
C:\Users\User\source\repos\capacity\capacity\capacity.cpp(193,11): warning C4244: инициализация: преобразование "double" в "int", возможна потеря данных
C:\Users\User\source\repos\capacity\capacity\capacity.cpp(200,37): warning C4244: аргумент: преобразование "double" в "int", возможна потеря данных
C:\Users\User\source\repos\capacity\capacity\capacity.cpp(201,39): warning C4244: аргумент: преобразование "double" в "int", возможна потеря данных
C:\Users\User\source\repos\capacity\capacity\capacity.cpp(204,41): warning C4244: аргумент: преобразование "double" в "int", возможна потеря данных
C:\Users\User\source\repos\capacity\capacity\capacity.cpp(204,35): warning C4244: аргумент: преобразование "double" в "int", возможна потеря данных
C:\Users\User\source\repos\capacity\capacity\capacity.cpp(204,29): warning C4244: аргумент: преобразование "__int64" в "int", возможна потеря данных
C:\Users\User\source\repos\capacity\capacity\capacity.cpp(205,51): warning C4244: аргумент: преобразование "double" в "int", возможна потеря данных
C:\Users\User\source\repos\capacity\capacity\capacity.cpp(205,45): warning C4244: аргумент: преобразование "double" в "int", возможна потеря данных
C:\Users\User\source\repos\capacity\capacity\capacity.cpp(205,39): warning C4244: аргумент: преобразование "__int64" в "int", возможна потеря данных
C:\Users\User\source\repos\capacity\capacity\capacity.cpp(206,33): warning C4244: =: преобразование "__int64" в "int", возможна потеря данных
C:\Users\User\source\repos\capacity\capacity\capacity.cpp(209,22): warning C4244: =: преобразование "double" в "int", возможна потеря данных
C:\Users\User\source\repos\capacity\capacity\capacity.cpp(230,21): warning C4018: <: несоответствие типов со знаком и без знака
C:\Users\User\source\repos\capacity\capacity\capacity.cpp(181,7): warning C4101: ucpuid: неиспользованная локальная переменная
C:\Users\User\source\repos\capacity\capacity\capacity.cpp(181,15): warning C4101: umemid: неиспользованная локальная переменная
C:\Users\User\source\repos\capacity\capacity\capacity.cpp(194,7): warning C4101: ux: неиспользованная локальная переменная
  capacity.vcxproj -> C:\Users\User\source\repos\capacity\Debug\capacity.exe
